#
# There is insufficient memory for the Java Runtime Environment to continue.
# Native memory allocation (mmap) failed to map 22020096 bytes for committing reserved memory.
# Possible reasons:
#   The system is out of physical RAM or swap space
#   In 32 bit mode, the process size limit was hit
# Possible solutions:
#   Reduce memory load on the system
#   Increase physical memory or swap space
#   Check if swap backing store is full
#   Use 64 bit Java on a 64 bit OS
#   Decrease Java heap size (-Xmx/-Xms)
#   Decrease number of Java threads
#   Decrease Java thread stack sizes (-Xss)
#   Set larger code cache with -XX:ReservedCodeCacheSize=
# This output file may be truncated or incomplete.
#
#  Out of Memory Error (os_linux.cpp:2640), pid=394, tid=0x00007f911c8f8700
#
# JRE version: OpenJDK Runtime Environment (8.0_144-b01) (build 1.8.0_144-b01)
# Java VM: OpenJDK 64-Bit Server VM (25.144-b01 mixed mode linux-amd64 compressed oops)
# Core dump written. Default location: /home/henrique/ireos_extension/JavaCodes/IREOS_all_knn/core or core.394
#

---------------  T H R E A D  ---------------

Current thread (0x00007f912c077000):  VMThread [stack: 0x00007f911c7f8000,0x00007f911c8f9000] [id=411]

Stack: [0x00007f911c7f8000,0x00007f911c8f9000],  sp=0x00007f911c8f7490,  free space=1021k
Native frames: (J=compiled Java code, j=interpreted, Vv=VM code, C=native code)
V  [libjvm.so+0xaa3d82]
V  [libjvm.so+0x4d85e7]
V  [libjvm.so+0x8e0be0]
V  [libjvm.so+0x8db29e]
V  [libjvm.so+0x95af06]
V  [libjvm.so+0x95c278]
V  [libjvm.so+0x958876]
V  [libjvm.so+0x958c0c]
V  [libjvm.so+0x907808]
V  [libjvm.so+0xaa59e2]
V  [libjvm.so+0xaaaa76]
V  [libjvm.so+0xaa82a1]
V  [libjvm.so+0xaa9743]
V  [libjvm.so+0xaa9b27]
V  [libjvm.so+0x8de152]

VM_Operation (0x00007f910dfdc6e0): ParallelGCFailedAllocation, mode: safepoint, requested by thread 0x00007f912c114000


---------------  P R O C E S S  ---------------

Java Threads: ( => current thread )
  0x00007f912c115800 JavaThread "Thread-60" [_thread_blocked, id=984, stack(0x00007f910dddc000,0x00007f910dedd000)]
  0x00007f912c114000 JavaThread "Thread-59" [_thread_blocked, id=981, stack(0x00007f910dedd000,0x00007f910dfde000)]
  0x00007f912c0da000 JavaThread "Service Thread" daemon [_thread_blocked, id=420, stack(0x00007f910e0df000,0x00007f910e1e0000)]
  0x00007f912c0bd000 JavaThread "C1 CompilerThread2" daemon [_thread_blocked, id=419, stack(0x00007f911c00a000,0x00007f911c10b000)]
  0x00007f912c0bb000 JavaThread "C2 CompilerThread1" daemon [_thread_blocked, id=418, stack(0x00007f911c10b000,0x00007f911c20c000)]
  0x00007f912c0b8800 JavaThread "C2 CompilerThread0" daemon [_thread_blocked, id=417, stack(0x00007f911c20c000,0x00007f911c30d000)]
  0x00007f912c0b7000 JavaThread "Signal Dispatcher" daemon [_thread_blocked, id=414, stack(0x00007f911c30d000,0x00007f911c40e000)]
  0x00007f912c083000 JavaThread "Finalizer" daemon [_thread_blocked, id=413, stack(0x00007f911c5f6000,0x00007f911c6f7000)]
  0x00007f912c07e800 JavaThread "Reference Handler" daemon [_thread_blocked, id=412, stack(0x00007f911c6f7000,0x00007f911c7f8000)]
  0x00007f912c00a000 JavaThread "main" [_thread_blocked, id=402, stack(0x00007f9134a81000,0x00007f9134b82000)]

Other Threads:
=>0x00007f912c077000 VMThread [stack: 0x00007f911c7f8000,0x00007f911c8f9000] [id=411]
  0x00007f912c0dc800 WatcherThread [stack: 0x00007f910dfde000,0x00007f910e0df000] [id=421]

VM state:at safepoint (normal execution)

VM Mutex/Monitor currently owned by a thread:  ([mutex/lock_event])
[0x00007f912c0071b0] Threads_lock - owner thread: 0x00007f912c077000
[0x00007f912c0076b0] Heap_lock - owner thread: 0x00007f912c114000

Heap:
 PSYoungGen      total 130048K, used 4192K [0x00000000ebf00000, 0x00000000f4d80000, 0x0000000100000000)
  eden space 114176K, 0% used [0x00000000ebf00000,0x00000000ebf00000,0x00000000f2e80000)
  from space 15872K, 26% used [0x00000000f2e80000,0x00000000f3298000,0x00000000f3e00000)
  to   space 15872K, 0% used [0x00000000f3e00000,0x00000000f3e00000,0x00000000f4d80000)
 ParOldGen       total 43520K, used 34874K [0x00000000c3c00000, 0x00000000c6680000, 0x00000000ebf00000)
  object space 43520K, 80% used [0x00000000c3c00000,0x00000000c5e0eb40,0x00000000c6680000)
 Metaspace       used 2872K, capacity 4664K, committed 4864K, reserved 1056768K
  class space    used 292K, capacity 424K, committed 512K, reserved 1048576K

Card table byte_map: [0x00007f9131ab1000,0x00007f9131c94000] byte_map_base: 0x00007f9131493000

Marking Bits: (ParMarkBitMap*) 0x00007f9133d75120
 Begin Bits: [0x00007f910e1e0000, 0x00007f910f0f0000)
 End Bits:   [0x00007f910f0f0000, 0x00007f9110000000)

Polling page: 0x00007f9134bb3000

CodeCache: size=245760Kb used=2070Kb max_used=2070Kb free=243689Kb
 bounds [0x00007f911d000000, 0x00007f911d270000, 0x00007f912c000000]
 total_blobs=509 nmethods=267 adapters=157
 compilation: enabled

Compilation events (10 events):
Event: 146,884 Thread 0x00007f912c0bd000  263       3       java.lang.Integer::toString (48 bytes)
Event: 146,884 Thread 0x00007f912c0bd000 nmethod 263 0x00007f911d200fd0 code [0x00007f911d2011a0, 0x00007f911d2017e8]
Event: 171,038 Thread 0x00007f912c0bd000  264       3       java.nio.CharBuffer::arrayOffset (35 bytes)
Event: 171,038 Thread 0x00007f912c0bd000 nmethod 264 0x00007f911d200a50 code [0x00007f911d200be0, 0x00007f911d200e98]
Event: 318,520 Thread 0x00007f912c0bd000  265       3       java.nio.charset.CoderResult::isUnderflow (13 bytes)
Event: 318,521 Thread 0x00007f912c0bd000 nmethod 265 0x00007f911d2006d0 code [0x00007f911d200840, 0x00007f911d2009f0]
Event: 346,721 Thread 0x00007f912c0bd000  266       3       java.nio.ByteBuffer::array (35 bytes)
Event: 346,722 Thread 0x00007f912c0bd000 nmethod 266 0x00007f911d206c90 code [0x00007f911d206e20, 0x00007f911d2070d8]
Event: 399,690 Thread 0x00007f912c0bd000  267       1       java.lang.Thread::getThreadGroup (5 bytes)
Event: 399,704 Thread 0x00007f912c0bd000 nmethod 267 0x00007f911d200410 code [0x00007f911d200560, 0x00007f911d200670]

GC Heap History (10 events):
Event: 430,113 GC heap after
Heap after GC invocations=1197 (full 1):
 PSYoungGen      total 102400K, used 5952K [0x00000000ebf00000, 0x00000000f3300000, 0x0000000100000000)
  eden space 87040K, 0% used [0x00000000ebf00000,0x00000000ebf00000,0x00000000f1400000)
  from space 15360K, 38% used [0x00000000f2400000,0x00000000f29d0000,0x00000000f3300000)
  to   space 15872K, 0% used [0x00000000f1400000,0x00000000f1400000,0x00000000f2380000)
 ParOldGen       total 43520K, used 34874K [0x00000000c3c00000, 0x00000000c6680000, 0x00000000ebf00000)
  object space 43520K, 80% used [0x00000000c3c00000,0x00000000c5e0eb40,0x00000000c6680000)
 Metaspace       used 2872K, capacity 4664K, committed 4864K, reserved 1056768K
  class space    used 292K, capacity 424K, committed 512K, reserved 1048576K
}
Event: 431,238 GC heap before
{Heap before GC invocations=1198 (full 1):
 PSYoungGen      total 102400K, used 92992K [0x00000000ebf00000, 0x00000000f3300000, 0x0000000100000000)
  eden space 87040K, 100% used [0x00000000ebf00000,0x00000000f1400000,0x00000000f1400000)
  from space 15360K, 38% used [0x00000000f2400000,0x00000000f29d0000,0x00000000f3300000)
  to   space 15872K, 0% used [0x00000000f1400000,0x00000000f1400000,0x00000000f2380000)
 ParOldGen       total 43520K, used 34874K [0x00000000c3c00000, 0x00000000c6680000, 0x00000000ebf00000)
  object space 43520K, 80% used [0x00000000c3c00000,0x00000000c5e0eb40,0x00000000c6680000)
 Metaspace       used 2872K, capacity 4664K, committed 4864K, reserved 1056768K
  class space    used 292K, capacity 424K, committed 512K, reserved 1048576K
Event: 431,253 GC heap after
Heap after GC invocations=1198 (full 1):
 PSYoungGen      total 102912K, used 13504K [0x00000000ebf00000, 0x00000000f4180000, 0x0000000100000000)
  eden space 87040K, 0% used [0x00000000ebf00000,0x00000000ebf00000,0x00000000f1400000)
  from space 15872K, 85% used [0x00000000f1400000,0x00000000f2130000,0x00000000f2380000)
  to   space 17408K, 0% used [0x00000000f3080000,0x00000000f3080000,0x00000000f4180000)
 ParOldGen       total 43520K, used 34874K [0x00000000c3c00000, 0x00000000c6680000, 0x00000000ebf00000)
  object space 43520K, 80% used [0x00000000c3c00000,0x00000000c5e0eb40,0x00000000c6680000)
 Metaspace       used 2872K, capacity 4664K, committed 4864K, reserved 1056768K
  class space    used 292K, capacity 424K, committed 512K, reserved 1048576K
}
Event: 432,259 GC heap before
{Heap before GC invocations=1199 (full 1):
 PSYoungGen      total 102912K, used 100544K [0x00000000ebf00000, 0x00000000f4180000, 0x0000000100000000)
  eden space 87040K, 100% used [0x00000000ebf00000,0x00000000f1400000,0x00000000f1400000)
  from space 15872K, 85% used [0x00000000f1400000,0x00000000f2130000,0x00000000f2380000)
  to   space 17408K, 0% used [0x00000000f3080000,0x00000000f3080000,0x00000000f4180000)
 ParOldGen       total 43520K, used 34874K [0x00000000c3c00000, 0x00000000c6680000, 0x00000000ebf00000)
  object space 43520K, 80% used [0x00000000c3c00000,0x00000000c5e0eb40,0x00000000c6680000)
 Metaspace       used 2872K, capacity 4664K, committed 4864K, reserved 1056768K
  class space    used 292K, capacity 424K, committed 512K, reserved 1048576K
Event: 432,284 GC heap after
Heap after GC invocations=1199 (full 1):
 PSYoungGen      total 114176K, used 4576K [0x00000000ebf00000, 0x00000000f4000000, 0x0000000100000000)
  eden space 98304K, 0% used [0x00000000ebf00000,0x00000000ebf00000,0x00000000f1f00000)
  from space 15872K, 28% used [0x00000000f3080000,0x00000000f34f8000,0x00000000f4000000)
  to   space 16896K, 0% used [0x00000000f1f00000,0x00000000f1f00000,0x00000000f2f80000)
 ParOldGen       total 43520K, used 34874K [0x00000000c3c00000, 0x00000000c6680000, 0x00000000ebf00000)
  object space 43520K, 80% used [0x00000000c3c00000,0x00000000c5e0eb40,0x00000000c6680000)
 Metaspace       used 2872K, capacity 4664K, committed 4864K, reserved 1056768K
  class space    used 292K, capacity 424K, committed 512K, reserved 1048576K
}
Event: 433,499 GC heap before
{Heap before GC invocations=1200 (full 1):
 PSYoungGen      total 114176K, used 102880K [0x00000000ebf00000, 0x00000000f4000000, 0x0000000100000000)
  eden space 98304K, 100% used [0x00000000ebf00000,0x00000000f1f00000,0x00000000f1f00000)
  from space 15872K, 28% used [0x00000000f3080000,0x00000000f34f8000,0x00000000f4000000)
  to   space 16896K, 0% used [0x00000000f1f00000,0x00000000f1f00000,0x00000000f2f80000)
 ParOldGen       total 43520K, used 34874K [0x00000000c3c00000, 0x00000000c6680000, 0x00000000ebf00000)
  object space 43520K, 80% used [0x00000000c3c00000,0x00000000c5e0eb40,0x00000000c6680000)
 Metaspace       used 2872K, capacity 4664K, committed 4864K, reserved 1056768K
  class space    used 292K, capacity 424K, committed 512K, reserved 1048576K
Event: 433,641 GC heap after
Heap after GC invocations=1200 (full 1):
 PSYoungGen      total 115200K, used 7136K [0x00000000ebf00000, 0x00000000f4e00000, 0x0000000100000000)
  eden space 98304K, 0% used [0x00000000ebf00000,0x00000000ebf00000,0x00000000f1f00000)
  from space 16896K, 42% used [0x00000000f1f00000,0x00000000f25f8000,0x00000000f2f80000)
  to   space 16384K, 0% used [0x00000000f3e00000,0x00000000f3e00000,0x00000000f4e00000)
 ParOldGen       total 43520K, used 34874K [0x00000000c3c00000, 0x00000000c6680000, 0x00000000ebf00000)
  object space 43520K, 80% used [0x00000000c3c00000,0x00000000c5e0eb40,0x00000000c6680000)
 Metaspace       used 2872K, capacity 4664K, committed 4864K, reserved 1056768K
  class space    used 292K, capacity 424K, committed 512K, reserved 1048576K
}
Event: 435,024 GC heap before
{Heap before GC invocations=1201 (full 1):
 PSYoungGen      total 115200K, used 105440K [0x00000000ebf00000, 0x00000000f4e00000, 0x0000000100000000)
  eden space 98304K, 100% used [0x00000000ebf00000,0x00000000f1f00000,0x00000000f1f00000)
  from space 16896K, 42% used [0x00000000f1f00000,0x00000000f25f8000,0x00000000f2f80000)
  to   space 16384K, 0% used [0x00000000f3e00000,0x00000000f3e00000,0x00000000f4e00000)
 ParOldGen       total 43520K, used 34874K [0x00000000c3c00000, 0x00000000c6680000, 0x00000000ebf00000)
  object space 43520K, 80% used [0x00000000c3c00000,0x00000000c5e0eb40,0x00000000c6680000)
 Metaspace       used 2872K, capacity 4664K, committed 4864K, reserved 1056768K
  class space    used 292K, capacity 424K, committed 512K, reserved 1048576K
Event: 435,363 GC heap after
Heap after GC invocations=1201 (full 1):
 PSYoungGen      total 130048K, used 9728K [0x00000000ebf00000, 0x00000000f4d80000, 0x0000000100000000)
  eden space 114176K, 0% used [0x00000000ebf00000,0x00000000ebf00000,0x00000000f2e80000)
  from space 15872K, 61% used [0x00000000f3e00000,0x00000000f4780000,0x00000000f4d80000)
  to   space 15872K, 0% used [0x00000000f2e80000,0x00000000f2e80000,0x00000000f3e00000)
 ParOldGen       total 43520K, used 34874K [0x00000000c3c00000, 0x00000000c6680000, 0x00000000ebf00000)
  object space 43520K, 80% used [0x00000000c3c00000,0x00000000c5e0eb40,0x00000000c6680000)
 Metaspace       used 2872K, capacity 4664K, committed 4864K, reserved 1056768K
  class space    used 292K, capacity 424K, committed 512K, reserved 1048576K
}
Event: 451,996 GC heap before
{Heap before GC invocations=1202 (full 1):
 PSYoungGen      total 130048K, used 123904K [0x00000000ebf00000, 0x00000000f4d80000, 0x0000000100000000)
  eden space 114176K, 100% used [0x00000000ebf00000,0x00000000f2e80000,0x00000000f2e80000)
  from space 15872K, 61% used [0x00000000f3e00000,0x00000000f4780000,0x00000000f4d80000)
  to   space 15872K, 0% used [0x00000000f2e80000,0x00000000f2e80000,0x00000000f3e00000)
 ParOldGen       total 43520K, used 34874K [0x00000000c3c00000, 0x00000000c6680000, 0x00000000ebf00000)
  object space 43520K, 80% used [0x00000000c3c00000,0x00000000c5e0eb40,0x00000000c6680000)
 Metaspace       used 2872K, capacity 4664K, committed 4864K, reserved 1056768K
  class space    used 292K, capacity 424K, committed 512K, reserved 1048576K

Deoptimization events (10 events):
Event: 0,478 Thread 0x00007f912c114000 Uncommon trap: reason=intrinsic action=make_not_entrant pc=0x00007f911d17c870 method=com.rapidminer.operator.learner.functions.kernel.jmysvm.kernel.KernelRadial.calculate_K([I[D[I[D)D @ 14
Event: 0,512 Thread 0x00007f912c115800 Uncommon trap: reason=unstable_if action=reinterpret pc=0x00007f911d180da0 method=com.rapidminer.operator.learner.functions.kernel.logistic.KLR.klr()V @ 372
Event: 1,079 Thread 0x00007f912c114000 Uncommon trap: reason=unstable_if action=reinterpret pc=0x00007f911d191070 method=com.rapidminer.operator.learner.functions.kernel.logistic.KLR.dPhi(DIIDDDDDDD)D @ 85
Event: 1,079 Thread 0x00007f912c114000 Uncommon trap: reason=unstable_if action=reinterpret pc=0x00007f911d191760 method=com.rapidminer.operator.learner.functions.kernel.logistic.KLR.d2Phi(DIIDDDDDDD)D @ 48
Event: 1,084 Thread 0x00007f912c114000 Uncommon trap: reason=unstable_if action=reinterpret pc=0x00007f911d1a6548 method=com.rapidminer.operator.learner.functions.kernel.logistic.KLR.takeStep(II)Z @ 632
Event: 4,417 Thread 0x00007f912c114000 Uncommon trap: reason=unstable_if action=reinterpret pc=0x00007f911d1b8d94 method=com.rapidminer.operator.learner.functions.kernel.logistic.KLR.takeStep(II)Z @ 1248
Event: 4,868 Thread 0x00007f912c114000 Uncommon trap: reason=unstable_if action=reinterpret pc=0x00007f911d1cd300 method=com.rapidminer.operator.learner.functions.kernel.logistic.KLR.takeStep(II)Z @ 426
Event: 5,571 Thread 0x00007f912c114000 Uncommon trap: reason=unstable_if action=reinterpret pc=0x00007f911d19f398 method=com.rapidminer.operator.learner.functions.kernel.logistic.KLR.klr()V @ 476
Event: 10,896 Thread 0x00007f912c00a000 Uncommon trap: reason=unstable_if action=reinterpret pc=0x00007f911d17d43c method=br.usp.icmc.lapad.ireos.IREOS.evaluateSolution(Lcom/rapidminer/operator/learner/functions/kernel/jmysvm/examples/SVMExamples;Ljava/util/List;[F)[Lbr/usp/icmc/lapad/ireos/IRE
Event: 81,564 Thread 0x00007f912c114000 Uncommon trap: reason=unstable_if action=reinterpret pc=0x00007f911d1d81cc method=com.rapidminer.operator.learner.functions.kernel.logistic.KLR.takeStep(II)Z @ 851

Internal exceptions (2 events):
Event: 0,050 Thread 0x00007f912c00a000 Exception <a 'java/lang/NoSuchMethodError': Method sun.misc.Unsafe.defineClass(Ljava/lang/String;[BII)Ljava/lang/Class; name or signature does not match> (0x00000000ebf07ca8) thrown at [/build/java8-openjdk/src/jdk8u-jdk8u144-b01/hotspot/src/share/vm/prim
Event: 0,051 Thread 0x00007f912c00a000 Exception <a 'java/lang/NoSuchMethodError': Method sun.misc.Unsafe.prefetchRead(Ljava/lang/Object;J)V name or signature does not match> (0x00000000ebf07f90) thrown at [/build/java8-openjdk/src/jdk8u-jdk8u144-b01/hotspot/src/share/vm/prims/jni.cpp, line 40

Events (10 events):
Event: 430,117 Executing VM operation: ParallelGCFailedAllocation done
Event: 431,225 Executing VM operation: ParallelGCFailedAllocation
Event: 431,254 Executing VM operation: ParallelGCFailedAllocation done
Event: 432,243 Executing VM operation: ParallelGCFailedAllocation
Event: 432,294 Executing VM operation: ParallelGCFailedAllocation done
Event: 433,461 Executing VM operation: ParallelGCFailedAllocation
Event: 433,704 Executing VM operation: ParallelGCFailedAllocation done
Event: 434,954 Executing VM operation: ParallelGCFailedAllocation
Event: 442,113 Executing VM operation: ParallelGCFailedAllocation done
Event: 446,844 Executing VM operation: ParallelGCFailedAllocation


Dynamic libraries:
c3c00000-c6680000 rw-p 00000000 00:00 0 
c6680000-ebf00000 ---p 00000000 00:00 0 
ebf00000-f4d80000 rw-p 00000000 00:00 0 
f6280000-100000000 ---p 00000000 00:00 0 
100000000-100080000 rw-p 00000000 00:00 0 
100080000-140000000 ---p 00000000 00:00 0 
563c7d40c000-563c7d40d000 r-xp 00000000 08:03 1835914                    /usr/lib/jvm/java-8-openjdk/jre/bin/java
563c7d60c000-563c7d60d000 r--p 00000000 08:03 1835914                    /usr/lib/jvm/java-8-openjdk/jre/bin/java
563c7d60d000-563c7d60e000 rw-p 00001000 08:03 1835914                    /usr/lib/jvm/java-8-openjdk/jre/bin/java
563c7ef54000-563c7ef75000 rw-p 00000000 00:00 0                          [heap]
7f90dc000000-7f90dc025000 rw-p 00000000 00:00 0 
7f90dc025000-7f90e0000000 ---p 00000000 00:00 0 
7f90e0000000-7f90e004c000 rw-p 00000000 00:00 0 
7f90e004c000-7f90e4000000 ---p 00000000 00:00 0 
7f90e4000000-7f90e4021000 rw-p 00000000 00:00 0 
7f90e4021000-7f90e8000000 ---p 00000000 00:00 0 
7f90e8000000-7f90e8021000 rw-p 00000000 00:00 0 
7f90e8021000-7f90ec000000 ---p 00000000 00:00 0 
7f90ec000000-7f90ec4b5000 rw-p 00000000 00:00 0 
7f90ec4b5000-7f90f0000000 ---p 00000000 00:00 0 
7f90f0000000-7f90f01f6000 rw-p 00000000 00:00 0 
7f90f01f6000-7f90f4000000 ---p 00000000 00:00 0 
7f90f4000000-7f90f4680000 rw-p 00000000 00:00 0 
7f90f4680000-7f90f8000000 ---p 00000000 00:00 0 
7f90f8000000-7f90f8021000 rw-p 00000000 00:00 0 
7f90f8021000-7f90fc000000 ---p 00000000 00:00 0 
7f90fc000000-7f90fc021000 rw-p 00000000 00:00 0 
7f90fc021000-7f9100000000 ---p 00000000 00:00 0 
7f9100000000-7f9100021000 rw-p 00000000 00:00 0 
7f9100021000-7f9104000000 ---p 00000000 00:00 0 
7f9104000000-7f9104021000 rw-p 00000000 00:00 0 
7f9104021000-7f9108000000 ---p 00000000 00:00 0 
7f9108000000-7f9108021000 rw-p 00000000 00:00 0 
7f9108021000-7f910c000000 ---p 00000000 00:00 0 
7f910dddc000-7f910dddf000 ---p 00000000 00:00 0 
7f910dddf000-7f910dedd000 rw-p 00000000 00:00 0 
7f910dedd000-7f910dee0000 ---p 00000000 00:00 0 
7f910dee0000-7f910dfde000 rw-p 00000000 00:00 0 
7f910dfde000-7f910dfdf000 ---p 00000000 00:00 0 
7f910dfdf000-7f910e0df000 rw-p 00000000 00:00 0 
7f910e0df000-7f910e0e2000 ---p 00000000 00:00 0 
7f910e0e2000-7f9110000000 rw-p 00000000 00:00 0 
7f9110000000-7f9110021000 rw-p 00000000 00:00 0 
7f9110021000-7f9114000000 ---p 00000000 00:00 0 
7f9114000000-7f9114021000 rw-p 00000000 00:00 0 
7f9114021000-7f9118000000 ---p 00000000 00:00 0 
7f9118000000-7f9118021000 rw-p 00000000 00:00 0 
7f9118021000-7f911c000000 ---p 00000000 00:00 0 
7f911c00a000-7f911c00d000 ---p 00000000 00:00 0 
7f911c00d000-7f911c10b000 rw-p 00000000 00:00 0 
7f911c10b000-7f911c10e000 ---p 00000000 00:00 0 
7f911c10e000-7f911c20c000 rw-p 00000000 00:00 0 
7f911c20c000-7f911c20f000 ---p 00000000 00:00 0 
7f911c20f000-7f911c30d000 rw-p 00000000 00:00 0 
7f911c30d000-7f911c310000 ---p 00000000 00:00 0 
7f911c310000-7f911c40e000 rw-p 00000000 00:00 0 
7f911c40e000-7f911c5f6000 r--p 00000000 08:03 297518                     /usr/lib/locale/locale-archive
7f911c5f6000-7f911c5f9000 ---p 00000000 00:00 0 
7f911c5f9000-7f911c6f7000 rw-p 00000000 00:00 0 
7f911c6f7000-7f911c6fa000 ---p 00000000 00:00 0 
7f911c6fa000-7f911c7f8000 rw-p 00000000 00:00 0 
7f911c7f8000-7f911c7f9000 ---p 00000000 00:00 0 
7f911c7f9000-7f911d000000 rw-p 00000000 00:00 0 
7f911d000000-7f911d270000 rwxp 00000000 00:00 0 
7f911d270000-7f912c000000 ---p 00000000 00:00 0 
7f912c000000-7f912c119000 rw-p 00000000 00:00 0 
7f912c119000-7f9130000000 ---p 00000000 00:00 0 
7f9130084000-7f9130089000 r--s 002f9000 08:03 1835933                    /usr/lib/jvm/java-8-openjdk/jre/lib/charsets.jar
7f9130089000-7f913008c000 r--s 00015000 08:03 1835943                    /usr/lib/jvm/java-8-openjdk/jre/lib/jce.jar
7f913008c000-7f9130945000 rw-p 00000000 00:00 0 
7f9130945000-7f9130b13000 r--s 03c15000 08:03 1835927                    /usr/lib/jvm/java-8-openjdk/jre/lib/rt.jar
7f9130b13000-7f9130fc9000 rw-p 00000000 00:00 0 
7f9130fc9000-7f9131389000 ---p 00000000 00:00 0 
7f9131389000-7f913156b000 rw-p 00000000 00:00 0 
7f913156b000-7f913156c000 ---p 00000000 00:00 0 
7f913156c000-7f913166c000 rw-p 00000000 00:00 0 
7f913166c000-7f913166d000 ---p 00000000 00:00 0 
7f913166d000-7f913176d000 rw-p 00000000 00:00 0 
7f913176d000-7f913176e000 ---p 00000000 00:00 0 
7f913176e000-7f913186e000 rw-p 00000000 00:00 0 
7f913186e000-7f913186f000 ---p 00000000 00:00 0 
7f913186f000-7f9131985000 rw-p 00000000 00:00 0 
7f9131985000-7f9131ab1000 ---p 00000000 00:00 0 
7f9131ab1000-7f9131ac7000 rw-p 00000000 00:00 0 
7f9131ac7000-7f9131bf2000 ---p 00000000 00:00 0 
7f9131bf2000-7f9131c3a000 rw-p 00000000 00:00 0 
7f9131c3a000-7f9131c93000 ---p 00000000 00:00 0 
7f9131c93000-7f9131c9e000 rw-p 00000000 00:00 0 
7f9131c9e000-7f9132054000 ---p 00000000 00:00 0 
7f9132054000-7f913205c000 r-xp 00000000 08:03 1835989                    /usr/lib/jvm/java-8-openjdk/jre/lib/amd64/libzip.so
7f913205c000-7f913225b000 ---p 00008000 08:03 1835989                    /usr/lib/jvm/java-8-openjdk/jre/lib/amd64/libzip.so
7f913225b000-7f913225c000 r--p 00007000 08:03 1835989                    /usr/lib/jvm/java-8-openjdk/jre/lib/amd64/libzip.so
7f913225c000-7f913225d000 rw-p 00008000 08:03 1835989                    /usr/lib/jvm/java-8-openjdk/jre/lib/amd64/libzip.so
7f913225d000-7f9132268000 r-xp 00000000 08:03 264345                     /usr/lib/libnss_files-2.26.so
7f9132268000-7f9132467000 ---p 0000b000 08:03 264345                     /usr/lib/libnss_files-2.26.so
7f9132467000-7f9132468000 r--p 0000a000 08:03 264345                     /usr/lib/libnss_files-2.26.so
7f9132468000-7f9132469000 rw-p 0000b000 08:03 264345                     /usr/lib/libnss_files-2.26.so
7f9132469000-7f913246f000 rw-p 00000000 00:00 0 
7f913246f000-7f913249d000 r-xp 00000000 08:03 1835973                    /usr/lib/jvm/java-8-openjdk/jre/lib/amd64/libjava.so
7f913249d000-7f913269c000 ---p 0002e000 08:03 1835973                    /usr/lib/jvm/java-8-openjdk/jre/lib/amd64/libjava.so
7f913269c000-7f913269d000 r--p 0002d000 08:03 1835973                    /usr/lib/jvm/java-8-openjdk/jre/lib/amd64/libjava.so
7f913269d000-7f913269f000 rw-p 0002e000 08:03 1835973                    /usr/lib/jvm/java-8-openjdk/jre/lib/amd64/libjava.so
7f913269f000-7f91326ac000 r-xp 00000000 08:03 1835963                    /usr/lib/jvm/java-8-openjdk/jre/lib/amd64/libverify.so
7f91326ac000-7f91328ab000 ---p 0000d000 08:03 1835963                    /usr/lib/jvm/java-8-openjdk/jre/lib/amd64/libverify.so
7f91328ab000-7f91328ad000 r--p 0000c000 08:03 1835963                    /usr/lib/jvm/java-8-openjdk/jre/lib/amd64/libverify.so
7f91328ad000-7f91328ae000 rw-p 0000e000 08:03 1835963                    /usr/lib/jvm/java-8-openjdk/jre/lib/amd64/libverify.so
7f91328ae000-7f91328b5000 r-xp 00000000 08:03 264208                     /usr/lib/librt-2.26.so
7f91328b5000-7f9132ab4000 ---p 00007000 08:03 264208                     /usr/lib/librt-2.26.so
7f9132ab4000-7f9132ab5000 r--p 00006000 08:03 264208                     /usr/lib/librt-2.26.so
7f9132ab5000-7f9132ab6000 rw-p 00007000 08:03 264208                     /usr/lib/librt-2.26.so
7f9132ab6000-7f9132c01000 r-xp 00000000 08:03 264333                     /usr/lib/libm-2.26.so
7f9132c01000-7f9132e00000 ---p 0014b000 08:03 264333                     /usr/lib/libm-2.26.so
7f9132e00000-7f9132e01000 r--p 0014a000 08:03 264333                     /usr/lib/libm-2.26.so
7f9132e01000-7f9132e02000 rw-p 0014b000 08:03 264333                     /usr/lib/libm-2.26.so
7f9132e02000-7f9133aa5000 r-xp 00000000 08:03 1835992                    /usr/lib/jvm/java-8-openjdk/jre/lib/amd64/server/libjvm.so
7f9133aa5000-7f9133ca5000 ---p 00ca3000 08:03 1835992                    /usr/lib/jvm/java-8-openjdk/jre/lib/amd64/server/libjvm.so
7f9133ca5000-7f9133d39000 r--p 00ca3000 08:03 1835992                    /usr/lib/jvm/java-8-openjdk/jre/lib/amd64/server/libjvm.so
7f9133d39000-7f9133d61000 rw-p 00d37000 08:03 1835992                    /usr/lib/jvm/java-8-openjdk/jre/lib/amd64/server/libjvm.so
7f9133d61000-7f9133d92000 rw-p 00000000 00:00 0 
7f9133d92000-7f9133f40000 r-xp 00000000 08:03 264407                     /usr/lib/libc-2.26.so
7f9133f40000-7f9134140000 ---p 001ae000 08:03 264407                     /usr/lib/libc-2.26.so
7f9134140000-7f9134144000 r--p 001ae000 08:03 264407                     /usr/lib/libc-2.26.so
7f9134144000-7f9134146000 rw-p 001b2000 08:03 264407                     /usr/lib/libc-2.26.so
7f9134146000-7f913414a000 rw-p 00000000 00:00 0 
7f913414a000-7f913414d000 r-xp 00000000 08:03 264335                     /usr/lib/libdl-2.26.so
7f913414d000-7f913434c000 ---p 00003000 08:03 264335                     /usr/lib/libdl-2.26.so
7f913434c000-7f913434d000 r--p 00002000 08:03 264335                     /usr/lib/libdl-2.26.so
7f913434d000-7f913434e000 rw-p 00003000 08:03 264335                     /usr/lib/libdl-2.26.so
7f913434e000-7f913435c000 r-xp 00000000 08:03 1835995                    /usr/lib/jvm/java-8-openjdk/jre/lib/amd64/jli/libjli.so
7f913435c000-7f913455b000 ---p 0000e000 08:03 1835995                    /usr/lib/jvm/java-8-openjdk/jre/lib/amd64/jli/libjli.so
7f913455b000-7f913455c000 r--p 0000d000 08:03 1835995                    /usr/lib/jvm/java-8-openjdk/jre/lib/amd64/jli/libjli.so
7f913455c000-7f913455d000 rw-p 0000e000 08:03 1835995                    /usr/lib/jvm/java-8-openjdk/jre/lib/amd64/jli/libjli.so
7f913455d000-7f9134573000 r-xp 00000000 08:03 272756                     /usr/lib/libz.so.1.2.11
7f9134573000-7f9134772000 ---p 00016000 08:03 272756                     /usr/lib/libz.so.1.2.11
7f9134772000-7f9134773000 r--p 00015000 08:03 272756                     /usr/lib/libz.so.1.2.11
7f9134773000-7f9134774000 rw-p 00016000 08:03 272756                     /usr/lib/libz.so.1.2.11
7f9134774000-7f913478d000 r-xp 00000000 08:03 264429                     /usr/lib/libpthread-2.26.so
7f913478d000-7f913498c000 ---p 00019000 08:03 264429                     /usr/lib/libpthread-2.26.so
7f913498c000-7f913498d000 r--p 00018000 08:03 264429                     /usr/lib/libpthread-2.26.so
7f913498d000-7f913498e000 rw-p 00019000 08:03 264429                     /usr/lib/libpthread-2.26.so
7f913498e000-7f9134992000 rw-p 00000000 00:00 0 
7f9134992000-7f91349b7000 r-xp 00000000 08:03 264408                     /usr/lib/ld-2.26.so
7f91349b7000-7f91349bc000 r--s 0009a000 08:03 1835940                    /usr/lib/jvm/java-8-openjdk/jre/lib/jsse.jar
7f91349bc000-7f9134a81000 rw-p 00000000 00:00 0 
7f9134a81000-7f9134a84000 ---p 00000000 00:00 0 
7f9134a84000-7f9134b84000 rw-p 00000000 00:00 0 
7f9134b84000-7f9134b97000 r--s 00346000 08:03 1835934                    /usr/lib/jvm/java-8-openjdk/jre/lib/resources.jar
7f9134b97000-7f9134baa000 rw-p 00000000 00:00 0 
7f9134baa000-7f9134bb2000 rw-s 00000000 00:27 1622727                    /tmp/hsperfdata_henrique/394
7f9134bb2000-7f9134bb3000 rw-p 00000000 00:00 0 
7f9134bb3000-7f9134bb4000 ---p 00000000 00:00 0 
7f9134bb4000-7f9134bb6000 rw-p 00000000 00:00 0 
7f9134bb6000-7f9134bb7000 r--p 00024000 08:03 264408                     /usr/lib/ld-2.26.so
7f9134bb7000-7f9134bb8000 rw-p 00025000 08:03 264408                     /usr/lib/ld-2.26.so
7f9134bb8000-7f9134bb9000 rw-p 00000000 00:00 0 
7ffc9d23c000-7ffc9d25d000 rw-p 00000000 00:00 0                          [stack]
7ffc9d297000-7ffc9d29a000 r--p 00000000 00:00 0                          [vvar]
7ffc9d29a000-7ffc9d29c000 r-xp 00000000 00:00 0                          [vdso]
ffffffffff600000-ffffffffff601000 r-xp 00000000 00:00 0                  [vsyscall]

VM Arguments:
jvm_args: -Dfile.encoding=UTF-8 
java_command: br.usp.icmc.lapad.MainExample2
java_class_path (initial): /usr/lib/jvm/java-8-openjdk/jre/lib/resources.jar:/usr/lib/jvm/java-8-openjdk/jre/lib/rt.jar:/usr/lib/jvm/java-8-openjdk/jre/lib/jsse.jar:/usr/lib/jvm/java-8-openjdk/jre/lib/jce.jar:/usr/lib/jvm/java-8-openjdk/jre/lib/charsets.jar:/usr/lib/jvm/java-8-openjdk/jre/lib/ext/cldrdata.jar:/usr/lib/jvm/java-8-openjdk/jre/lib/ext/jaccess.jar:/usr/lib/jvm/java-8-openjdk/jre/lib/ext/sunec.jar:/usr/lib/jvm/java-8-openjdk/jre/lib/ext/localedata.jar:/usr/lib/jvm/java-8-openjdk/jre/lib/ext/nashorn.jar:/usr/lib/jvm/java-8-openjdk/jre/lib/ext/sunjce_provider.jar:/usr/lib/jvm/java-8-openjdk/jre/lib/ext/sunpkcs11.jar:/usr/lib/jvm/java-8-openjdk/jre/lib/ext/zipfs.jar:/usr/lib/jvm/java-8-openjdk/jre/lib/ext/dnsns.jar:/home/henrique/ireos_extension/JavaCodes/IREOS_all_knn/bin:/home/henrique/ireos_extension/JavaCodes/IREOS_all_knn/libs/commons-math3-3.5.jar
Launcher Type: SUN_STANDARD

Environment Variables:
PATH=/usr/local/bin:/usr/local/sbin:/usr/bin:/usr/lib/jvm/default/bin:/usr/bin/site_perl:/usr/bin/vendor_perl:/usr/bin/core_perl
USERNAME=henrique
SHELL=/bin/zsh
DISPLAY=:0

Signal Handlers:
SIGSEGV: [libjvm.so+0xaa46c0], sa_mask[0]=11111111011111111101111111111110, sa_flags=SA_RESTART|SA_SIGINFO
SIGBUS: [libjvm.so+0xaa46c0], sa_mask[0]=11111111011111111101111111111110, sa_flags=SA_RESTART|SA_SIGINFO
SIGFPE: [libjvm.so+0x8dc3d0], sa_mask[0]=11111111011111111101111111111110, sa_flags=SA_RESTART|SA_SIGINFO
SIGPIPE: [libjvm.so+0x8dc3d0], sa_mask[0]=11111111011111111101111111111110, sa_flags=SA_RESTART|SA_SIGINFO
SIGXFSZ: [libjvm.so+0x8dc3d0], sa_mask[0]=11111111011111111101111111111110, sa_flags=SA_RESTART|SA_SIGINFO
SIGILL: [libjvm.so+0x8dc3d0], sa_mask[0]=11111111011111111101111111111110, sa_flags=SA_RESTART|SA_SIGINFO
SIGUSR1: SIG_DFL, sa_mask[0]=00000000000000000000000000000000, sa_flags=none
SIGUSR2: [libjvm.so+0x8dc280], sa_mask[0]=00100000000000000000000000000000, sa_flags=SA_RESTART|SA_SIGINFO
SIGHUP: [libjvm.so+0x8dc730], sa_mask[0]=11111111011111111101111111111110, sa_flags=SA_RESTART|SA_SIGINFO
SIGINT: [libjvm.so+0x8dc730], sa_mask[0]=11111111011111111101111111111110, sa_flags=SA_RESTART|SA_SIGINFO
SIGTERM: [libjvm.so+0x8dc730], sa_mask[0]=11111111011111111101111111111110, sa_flags=SA_RESTART|SA_SIGINFO
SIGQUIT: [libjvm.so+0x8dc730], sa_mask[0]=11111111011111111101111111111110, sa_flags=SA_RESTART|SA_SIGINFO


---------------  S Y S T E M  ---------------

OS:NAME="Arch Linux"
PRETTY_NAME="Arch Linux"
ID=arch
ID_LIKE=archlinux
ANSI_COLOR="0;36"
HOME_URL="https://www.archlinux.org/"
SUPPORT_URL="https://bbs.archlinux.org/"
BUG_REPORT_URL="https://bugs.archlinux.org/"

uname:Linux 4.14.4-1-ARCH #1 SMP PREEMPT Tue Dec 5 19:10:06 UTC 2017 x86_64
libc:glibc 2.26 NPTL 2.26 
rlimit: STACK 8192k, CORE infinity, NPROC 15155, NOFILE 4096, AS infinity
load average:29,16 13,20 8,35

/proc/meminfo:
MemTotal:        3941148 kB
MemFree:           84916 kB
MemAvailable:          0 kB
Buffers:             384 kB
Cached:           471432 kB
SwapCached:          484 kB
Active:          2984452 kB
Inactive:         602684 kB
Active(anon):    2977348 kB
Inactive(anon):   595732 kB
Active(file):       7104 kB
Inactive(file):     6952 kB
Unevictable:         360 kB
Mlocked:             360 kB
SwapTotal:       2097148 kB
SwapFree:              0 kB
Dirty:                28 kB
Writeback:            24 kB
AnonPages:       3115556 kB
Mapped:           127832 kB
Shmem:            457624 kB
Slab:              84832 kB
SReclaimable:      33872 kB
SUnreclaim:        50960 kB
KernelStack:       13840 kB
PageTables:        69268 kB
NFS_Unstable:          0 kB
Bounce:                0 kB
WritebackTmp:          0 kB
CommitLimit:     4067720 kB
Committed_AS:   12153404 kB
VmallocTotal:   34359738367 kB
VmallocUsed:           0 kB
VmallocChunk:          0 kB
HardwareCorrupted:     0 kB
AnonHugePages:    428032 kB
ShmemHugePages:        0 kB
ShmemPmdMapped:        0 kB
HugePages_Total:       0
HugePages_Free:        0
HugePages_Rsvd:        0
HugePages_Surp:        0
Hugepagesize:       2048 kB
DirectMap4k:      417364 kB
DirectMap2M:     3670016 kB
DirectMap1G:           0 kB


CPU:total 4 (initial active 4) (2 cores per cpu, 2 threads per core) family 6 model 61 stepping 4, cmov, cx8, fxsr, mmx, sse, sse2, sse3, ssse3, sse4.1, sse4.2, popcnt, avx, avx2, aes, clmul, erms, 3dnowpref, lzcnt, ht, tsc, tscinvbit, bmi1, bmi2, adx

/proc/cpuinfo:
processor	: 0
vendor_id	: GenuineIntel
cpu family	: 6
model		: 61
model name	: Intel(R) Core(TM) i5-5200U CPU @ 2.20GHz
stepping	: 4
microcode	: 0x22
cpu MHz		: 2195.015
cache size	: 3072 KB
physical id	: 0
siblings	: 4
core id		: 0
cpu cores	: 2
apicid		: 0
initial apicid	: 0
fpu		: yes
fpu_exception	: yes
cpuid level	: 20
wp		: yes
flags		: fpu vme de pse tsc msr pae mce cx8 apic sep mtrr pge mca cmov pat pse36 clflush dts acpi mmx fxsr sse sse2 ss ht tm pbe syscall nx pdpe1gb rdtscp lm constant_tsc arch_perfmon pebs bts rep_good nopl xtopology nonstop_tsc cpuid aperfmperf pni pclmulqdq dtes64 monitor ds_cpl vmx est tm2 ssse3 sdbg fma cx16 xtpr pdcm pcid sse4_1 sse4_2 x2apic movbe popcnt aes xsave avx f16c rdrand lahf_lm abm 3dnowprefetch cpuid_fault epb intel_pt tpr_shadow vnmi flexpriority ept vpid fsgsbase tsc_adjust bmi1 avx2 smep bmi2 erms invpcid rdseed adx smap xsaveopt dtherm ida arat pln pts
bugs		:
bogomips	: 4391.94
clflush size	: 64
cache_alignment	: 64
address sizes	: 39 bits physical, 48 bits virtual
power management:

processor	: 1
vendor_id	: GenuineIntel
cpu family	: 6
model		: 61
model name	: Intel(R) Core(TM) i5-5200U CPU @ 2.20GHz
stepping	: 4
microcode	: 0x22
cpu MHz		: 2195.015
cache size	: 3072 KB
physical id	: 0
siblings	: 4
core id		: 1
cpu cores	: 2
apicid		: 2
initial apicid	: 2
fpu		: yes
fpu_exception	: yes
cpuid level	: 20
wp		: yes
flags		: fpu vme de pse tsc msr pae mce cx8 apic sep mtrr pge mca cmov pat pse36 clflush dts acpi mmx fxsr sse sse2 ss ht tm pbe syscall nx pdpe1gb rdtscp lm constant_tsc arch_perfmon pebs bts rep_good nopl xtopology nonstop_tsc cpuid aperfmperf pni pclmulqdq dtes64 monitor ds_cpl vmx est tm2 ssse3 sdbg fma cx16 xtpr pdcm pcid sse4_1 sse4_2 x2apic movbe popcnt aes xsave avx f16c rdrand lahf_lm abm 3dnowprefetch cpuid_fault epb intel_pt tpr_shadow vnmi flexpriority ept vpid fsgsbase tsc_adjust bmi1 avx2 smep bmi2 erms invpcid rdseed adx smap xsaveopt dtherm ida arat pln pts
bugs		:
bogomips	: 4391.94
clflush size	: 64
cache_alignment	: 64
address sizes	: 39 bits physical, 48 bits virtual
power management:

processor	: 2
vendor_id	: GenuineIntel
cpu family	: 6
model		: 61
model name	: Intel(R) Core(TM) i5-5200U CPU @ 2.20GHz
stepping	: 4
microcode	: 0x22
cpu MHz		: 2195.015
cache size	: 3072 KB
physical id	: 0
siblings	: 4
core id		: 0
cpu cores	: 2
apicid		: 1
initial apicid	: 1
fpu		: yes
fpu_exception	: yes
cpuid level	: 20
wp		: yes
flags		: fpu vme de pse tsc msr pae mce cx8 apic sep mtrr pge mca cmov pat pse36 clflush dts acpi mmx fxsr sse sse2 ss ht tm pbe syscall nx pdpe1gb rdtscp lm constant_tsc arch_perfmon pebs bts rep_good nopl xtopology nonstop_tsc cpuid aperfmperf pni pclmulqdq dtes64 monitor ds_cpl vmx est tm2 ssse3 sdbg fma cx16 xtpr pdcm pcid sse4_1 sse4_2 x2apic movbe popcnt aes xsave avx f16c rdrand lahf_lm abm 3dnowprefetch cpuid_fault epb intel_pt tpr_shadow vnmi flexpriority ept vpid fsgsbase tsc_adjust bmi1 avx2 smep bmi2 erms invpcid rdseed adx smap xsaveopt dtherm ida arat pln pts
bugs		:
bogomips	: 4391.94
clflush size	: 64
cache_alignment	: 64
address sizes	: 39 bits physical, 48 bits virtual
power management:

processor	: 3
vendor_id	: GenuineIntel
cpu family	: 6
model		: 61
model name	: Intel(R) Core(TM) i5-5200U CPU @ 2.20GHz
stepping	: 4
microcode	: 0x22
cpu MHz		: 2195.015
cache size	: 3072 KB
physical id	: 0
siblings	: 4
core id		: 1
cpu cores	: 2
apicid		: 3
initial apicid	: 3
fpu		: yes
fpu_exception	: yes
cpuid level	: 20
wp		: yes
flags		: fpu vme de pse tsc msr pae mce cx8 apic sep mtrr pge mca cmov pat pse36 clflush dts acpi mmx fxsr sse sse2 ss ht tm pbe syscall nx pdpe1gb rdtscp lm constant_tsc arch_perfmon pebs bts rep_good nopl xtopology nonstop_tsc cpuid aperfmperf pni pclmulqdq dtes64 monitor ds_cpl vmx est tm2 ssse3 sdbg fma cx16 xtpr pdcm pcid sse4_1 sse4_2 x2apic movbe popcnt aes xsave avx f16c rdrand lahf_lm abm 3dnowprefetch cpuid_fault epb intel_pt tpr_shadow vnmi flexpriority ept vpid fsgsbase tsc_adjust bmi1 avx2 smep bmi2 erms invpcid rdseed adx smap xsaveopt dtherm ida arat pln pts
bugs		:
bogomips	: 4391.94
clflush size	: 64
cache_alignment	: 64
address sizes	: 39 bits physical, 48 bits virtual
power management:



Memory: 4k page, physical 3941148k(84288k free), swap 2097148k(0k free)

vm_info: OpenJDK 64-Bit Server VM (25.144-b01) for linux-amd64 JRE (1.8.0_144-b01), built on Jul 28 2017 20:07:18 by "builduser" with gcc 7.1.1 20170630

time: Wed Dec 20 11:50:02 2017
elapsed time: 534 seconds (0d 0h 8m 54s)

