#
# There is insufficient memory for the Java Runtime Environment to continue.
# Native memory allocation (mmap) failed to map 40894464 bytes for committing reserved memory.
# Possible reasons:
#   The system is out of physical RAM or swap space
#   In 32 bit mode, the process size limit was hit
# Possible solutions:
#   Reduce memory load on the system
#   Increase physical memory or swap space
#   Check if swap backing store is full
#   Use 64 bit Java on a 64 bit OS
#   Decrease Java heap size (-Xmx/-Xms)
#   Decrease number of Java threads
#   Decrease Java thread stack sizes (-Xss)
#   Set larger code cache with -XX:ReservedCodeCacheSize=
# This output file may be truncated or incomplete.
#
#  Out of Memory Error (os_linux.cpp:2640), pid=30956, tid=0x00007fe5714d2700
#
# JRE version: OpenJDK Runtime Environment (8.0_144-b01) (build 1.8.0_144-b01)
# Java VM: OpenJDK 64-Bit Server VM (25.144-b01 mixed mode linux-amd64 compressed oops)
# Core dump written. Default location: /home/henrique/ireos_extension/JavaCodes/IREOS_all_knn/core or core.30956
#

---------------  T H R E A D  ---------------

Current thread (0x00007fe588077000):  VMThread [stack: 0x00007fe5713d2000,0x00007fe5714d3000] [id=30968]

Stack: [0x00007fe5713d2000,0x00007fe5714d3000],  sp=0x00007fe5714d1490,  free space=1021k
Native frames: (J=compiled Java code, j=interpreted, Vv=VM code, C=native code)
V  [libjvm.so+0xaa3d82]
V  [libjvm.so+0x4d85e7]
V  [libjvm.so+0x8e0be0]
V  [libjvm.so+0x8db29e]
V  [libjvm.so+0x95af06]
V  [libjvm.so+0x95c278]
V  [libjvm.so+0x958876]
V  [libjvm.so+0x958c0c]
V  [libjvm.so+0x907808]
V  [libjvm.so+0xaa59e2]
V  [libjvm.so+0xaaaa76]
V  [libjvm.so+0xaa82a1]
V  [libjvm.so+0xaa9743]
V  [libjvm.so+0xaa9b27]
V  [libjvm.so+0x8de152]

VM_Operation (0x00007fe5709e06d0): ParallelGCFailedAllocation, mode: safepoint, requested by thread 0x00007fe588106000


---------------  P R O C E S S  ---------------

Java Threads: ( => current thread )
  0x00007fe588106000 JavaThread "Thread-329" [_thread_blocked, id=324, stack(0x00007fe5708e1000,0x00007fe5709e2000)]
  0x00007fe588105000 JavaThread "Thread-328" [_thread_blocked, id=322, stack(0x00007fe5706df000,0x00007fe5707e0000)]
  0x00007fe5880c8000 JavaThread "Service Thread" daemon [_thread_blocked, id=30975, stack(0x00007fe570ae3000,0x00007fe570be4000)]
  0x00007fe5880bd000 JavaThread "C1 CompilerThread2" daemon [_thread_blocked, id=30974, stack(0x00007fe570be4000,0x00007fe570ce5000)]
  0x00007fe5880bb000 JavaThread "C2 CompilerThread1" daemon [_thread_blocked, id=30973, stack(0x00007fe570ce5000,0x00007fe570de6000)]
  0x00007fe5880b8800 JavaThread "C2 CompilerThread0" daemon [_thread_blocked, id=30972, stack(0x00007fe570de6000,0x00007fe570ee7000)]
  0x00007fe5880b7000 JavaThread "Signal Dispatcher" daemon [_thread_blocked, id=30971, stack(0x00007fe570ee7000,0x00007fe570fe8000)]
  0x00007fe588083000 JavaThread "Finalizer" daemon [_thread_blocked, id=30970, stack(0x00007fe5711d0000,0x00007fe5712d1000)]
  0x00007fe58807e800 JavaThread "Reference Handler" daemon [_thread_blocked, id=30969, stack(0x00007fe5712d1000,0x00007fe5713d2000)]
  0x00007fe58800a000 JavaThread "main" [_thread_blocked, id=30962, stack(0x00007fe58f444000,0x00007fe58f545000)]

Other Threads:
=>0x00007fe588077000 VMThread [stack: 0x00007fe5713d2000,0x00007fe5714d3000] [id=30968]
  0x00007fe5880ca800 WatcherThread [stack: 0x00007fe5709e2000,0x00007fe570ae3000] [id=30976]

VM state:at safepoint (normal execution)

VM Mutex/Monitor currently owned by a thread:  ([mutex/lock_event])
[0x00007fe5880071b0] Threads_lock - owner thread: 0x00007fe588077000
[0x00007fe5880076b0] Heap_lock - owner thread: 0x00007fe588106000

Heap:
 PSYoungGen      total 232960K, used 13856K [0x00000000ebf00000, 0x00000000fb680000, 0x0000000100000000)
  eden space 218624K, 0% used [0x00000000ebf00000,0x00000000ebf00000,0x00000000f9480000)
  from space 14336K, 96% used [0x00000000fa880000,0x00000000fb608000,0x00000000fb680000)
  to   space 10752K, 0% used [0x00000000f9e00000,0x00000000f9e00000,0x00000000fa880000)
 ParOldGen       total 45056K, used 19505K [0x00000000c3c00000, 0x00000000c6800000, 0x00000000ebf00000)
  object space 45056K, 43% used [0x00000000c3c00000,0x00000000c4f0c510,0x00000000c6800000)
 Metaspace       used 2917K, capacity 4664K, committed 4864K, reserved 1056768K
  class space    used 292K, capacity 424K, committed 512K, reserved 1048576K

Card table byte_map: [0x00007fe58c474000,0x00007fe58c657000] byte_map_base: 0x00007fe58be56000

Marking Bits: (ParMarkBitMap*) 0x00007fe58e738120
 Begin Bits: [0x00007fe5721e0000, 0x00007fe5730f0000)
 End Bits:   [0x00007fe5730f0000, 0x00007fe574000000)

Polling page: 0x00007fe58f576000

CodeCache: size=245760Kb used=1740Kb max_used=2064Kb free=244019Kb
 bounds [0x00007fe579000000, 0x00007fe579270000, 0x00007fe588000000]
 total_blobs=502 nmethods=260 adapters=157
 compilation: enabled

Compilation events (10 events):
Event: 2029,414 Thread 0x00007fe5880bd000  320       3       java.lang.Thread::exit (51 bytes)
Event: 2029,415 Thread 0x00007fe5880bd000 nmethod 320 0x00007fe5791bc8d0 code [0x00007fe5791bca40, 0x00007fe5791bcce8]
Event: 2029,415 Thread 0x00007fe5880bd000  322   !   3       java.lang.ThreadGroup::remove (94 bytes)
Event: 2029,416 Thread 0x00007fe5880bd000 nmethod 322 0x00007fe5791bbc10 code [0x00007fe5791bbdc0, 0x00007fe5791bc488]
Event: 2029,416 Thread 0x00007fe5880bd000  321   !   3       java.lang.ThreadGroup::threadTerminated (63 bytes)
Event: 2029,416 Thread 0x00007fe5880bd000 nmethod 321 0x00007fe57918e250 code [0x00007fe57918e3e0, 0x00007fe57918e9a8]
Event: 2542,084 Thread 0x00007fe5880bd000  323  s    3       java.io.BufferedOutputStream::write (67 bytes)
Event: 2542,086 Thread 0x00007fe5880bd000 nmethod 323 0x00007fe57918d590 code [0x00007fe57918d760, 0x00007fe57918df98]
Event: 2542,086 Thread 0x00007fe5880bd000  324       3       java.io.FileOutputStream::write (12 bytes)
Event: 2542,086 Thread 0x00007fe5880bd000 nmethod 324 0x00007fe5791e1ad0 code [0x00007fe5791e1c40, 0x00007fe5791e1dc8]

GC Heap History (10 events):
Event: 2664,094 GC heap after
Heap after GC invocations=5262 (full 5):
 PSYoungGen      total 188416K, used 8608K [0x00000000ebf00000, 0x00000000fa600000, 0x0000000100000000)
  eden space 169472K, 0% used [0x00000000ebf00000,0x00000000ebf00000,0x00000000f6480000)
  from space 18944K, 45% used [0x00000000f6480000,0x00000000f6ce8000,0x00000000f7700000)
  to   space 18432K, 0% used [0x00000000f9400000,0x00000000f9400000,0x00000000fa600000)
 ParOldGen       total 45056K, used 19290K [0x00000000c3c00000, 0x00000000c6800000, 0x00000000ebf00000)
  object space 45056K, 42% used [0x00000000c3c00000,0x00000000c4ed69e0,0x00000000c6800000)
 Metaspace       used 2917K, capacity 4664K, committed 4864K, reserved 1056768K
  class space    used 292K, capacity 424K, committed 512K, reserved 1048576K
}
Event: 2666,745 GC heap before
{Heap before GC invocations=5263 (full 5):
 PSYoungGen      total 188416K, used 178080K [0x00000000ebf00000, 0x00000000fa600000, 0x0000000100000000)
  eden space 169472K, 100% used [0x00000000ebf00000,0x00000000f6480000,0x00000000f6480000)
  from space 18944K, 45% used [0x00000000f6480000,0x00000000f6ce8000,0x00000000f7700000)
  to   space 18432K, 0% used [0x00000000f9400000,0x00000000f9400000,0x00000000fa600000)
 ParOldGen       total 45056K, used 19290K [0x00000000c3c00000, 0x00000000c6800000, 0x00000000ebf00000)
  object space 45056K, 42% used [0x00000000c3c00000,0x00000000c4ed69e0,0x00000000c6800000)
 Metaspace       used 2917K, capacity 4664K, committed 4864K, reserved 1056768K
  class space    used 292K, capacity 424K, committed 512K, reserved 1048576K
Event: 2666,749 GC heap after
Heap after GC invocations=5263 (full 5):
 PSYoungGen      total 216064K, used 2304K [0x00000000ebf00000, 0x00000000fa580000, 0x0000000100000000)
  eden space 198144K, 0% used [0x00000000ebf00000,0x00000000ebf00000,0x00000000f8080000)
  from space 17920K, 12% used [0x00000000f9400000,0x00000000f9640000,0x00000000fa580000)
  to   space 18944K, 0% used [0x00000000f8080000,0x00000000f8080000,0x00000000f9300000)
 ParOldGen       total 45056K, used 19409K [0x00000000c3c00000, 0x00000000c6800000, 0x00000000ebf00000)
  object space 45056K, 43% used [0x00000000c3c00000,0x00000000c4ef4720,0x00000000c6800000)
 Metaspace       used 2917K, capacity 4664K, committed 4864K, reserved 1056768K
  class space    used 292K, capacity 424K, committed 512K, reserved 1048576K
}
Event: 2669,333 GC heap before
{Heap before GC invocations=5264 (full 5):
 PSYoungGen      total 216064K, used 200448K [0x00000000ebf00000, 0x00000000fa580000, 0x0000000100000000)
  eden space 198144K, 100% used [0x00000000ebf00000,0x00000000f8080000,0x00000000f8080000)
  from space 17920K, 12% used [0x00000000f9400000,0x00000000f9640000,0x00000000fa580000)
  to   space 18944K, 0% used [0x00000000f8080000,0x00000000f8080000,0x00000000f9300000)
 ParOldGen       total 45056K, used 19409K [0x00000000c3c00000, 0x00000000c6800000, 0x00000000ebf00000)
  object space 45056K, 43% used [0x00000000c3c00000,0x00000000c4ef4720,0x00000000c6800000)
 Metaspace       used 2917K, capacity 4664K, committed 4864K, reserved 1056768K
  class space    used 292K, capacity 424K, committed 512K, reserved 1048576K
Event: 2669,335 GC heap after
Heap after GC invocations=5264 (full 5):
 PSYoungGen      total 217088K, used 8576K [0x00000000ebf00000, 0x00000000fc280000, 0x0000000100000000)
  eden space 198144K, 0% used [0x00000000ebf00000,0x00000000ebf00000,0x00000000f8080000)
  from space 18944K, 45% used [0x00000000f8080000,0x00000000f88e0000,0x00000000f9300000)
  to   space 17920K, 0% used [0x00000000fb100000,0x00000000fb100000,0x00000000fc280000)
 ParOldGen       total 45056K, used 19409K [0x00000000c3c00000, 0x00000000c6800000, 0x00000000ebf00000)
  object space 45056K, 43% used [0x00000000c3c00000,0x00000000c4ef4720,0x00000000c6800000)
 Metaspace       used 2917K, capacity 4664K, committed 4864K, reserved 1056768K
  class space    used 292K, capacity 424K, committed 512K, reserved 1048576K
}
Event: 2671,338 GC heap before
{Heap before GC invocations=5265 (full 5):
 PSYoungGen      total 217088K, used 206720K [0x00000000ebf00000, 0x00000000fc280000, 0x0000000100000000)
  eden space 198144K, 100% used [0x00000000ebf00000,0x00000000f8080000,0x00000000f8080000)
  from space 18944K, 45% used [0x00000000f8080000,0x00000000f88e0000,0x00000000f9300000)
  to   space 17920K, 0% used [0x00000000fb100000,0x00000000fb100000,0x00000000fc280000)
 ParOldGen       total 45056K, used 19409K [0x00000000c3c00000, 0x00000000c6800000, 0x00000000ebf00000)
  object space 45056K, 43% used [0x00000000c3c00000,0x00000000c4ef4720,0x00000000c6800000)
 Metaspace       used 2917K, capacity 4664K, committed 4864K, reserved 1056768K
  class space    used 292K, capacity 424K, committed 512K, reserved 1048576K
Event: 2671,342 GC heap after
Heap after GC invocations=5265 (full 5):
 PSYoungGen      total 243712K, used 5856K [0x00000000ebf00000, 0x00000000fc000000, 0x0000000100000000)
  eden space 228352K, 0% used [0x00000000ebf00000,0x00000000ebf00000,0x00000000f9e00000)
  from space 15360K, 38% used [0x00000000fb100000,0x00000000fb6b8000,0x00000000fc000000)
  to   space 17408K, 0% used [0x00000000f9e00000,0x00000000f9e00000,0x00000000faf00000)
 ParOldGen       total 45056K, used 19409K [0x00000000c3c00000, 0x00000000c6800000, 0x00000000ebf00000)
  object space 45056K, 43% used [0x00000000c3c00000,0x00000000c4ef4720,0x00000000c6800000)
 Metaspace       used 2917K, capacity 4664K, committed 4864K, reserved 1056768K
  class space    used 292K, capacity 424K, committed 512K, reserved 1048576K
}
Event: 2673,610 GC heap before
{Heap before GC invocations=5266 (full 5):
 PSYoungGen      total 243712K, used 234208K [0x00000000ebf00000, 0x00000000fc000000, 0x0000000100000000)
  eden space 228352K, 100% used [0x00000000ebf00000,0x00000000f9e00000,0x00000000f9e00000)
  from space 15360K, 38% used [0x00000000fb100000,0x00000000fb6b8000,0x00000000fc000000)
  to   space 17408K, 0% used [0x00000000f9e00000,0x00000000f9e00000,0x00000000faf00000)
 ParOldGen       total 45056K, used 19409K [0x00000000c3c00000, 0x00000000c6800000, 0x00000000ebf00000)
  object space 45056K, 43% used [0x00000000c3c00000,0x00000000c4ef4720,0x00000000c6800000)
 Metaspace       used 2917K, capacity 4664K, committed 4864K, reserved 1056768K
  class space    used 292K, capacity 424K, committed 512K, reserved 1048576K
Event: 2673,620 GC heap after
Heap after GC invocations=5266 (full 5):
 PSYoungGen      total 229376K, used 10272K [0x00000000ebf00000, 0x00000000fb680000, 0x0000000100000000)
  eden space 218624K, 0% used [0x00000000ebf00000,0x00000000ebf00000,0x00000000f9480000)
  from space 10752K, 95% used [0x00000000f9e00000,0x00000000fa808000,0x00000000fa880000)
  to   space 14336K, 0% used [0x00000000fa880000,0x00000000fa880000,0x00000000fb680000)
 ParOldGen       total 45056K, used 19505K [0x00000000c3c00000, 0x00000000c6800000, 0x00000000ebf00000)
  object space 45056K, 43% used [0x00000000c3c00000,0x00000000c4f0c510,0x00000000c6800000)
 Metaspace       used 2917K, capacity 4664K, committed 4864K, reserved 1056768K
  class space    used 292K, capacity 424K, committed 512K, reserved 1048576K
}
Event: 2676,272 GC heap before
{Heap before GC invocations=5267 (full 5):
 PSYoungGen      total 229376K, used 228896K [0x00000000ebf00000, 0x00000000fb680000, 0x0000000100000000)
  eden space 218624K, 100% used [0x00000000ebf00000,0x00000000f9480000,0x00000000f9480000)
  from space 10752K, 95% used [0x00000000f9e00000,0x00000000fa808000,0x00000000fa880000)
  to   space 14336K, 0% used [0x00000000fa880000,0x00000000fa880000,0x00000000fb680000)
 ParOldGen       total 45056K, used 19505K [0x00000000c3c00000, 0x00000000c6800000, 0x00000000ebf00000)
  object space 45056K, 43% used [0x00000000c3c00000,0x00000000c4f0c510,0x00000000c6800000)
 Metaspace       used 2917K, capacity 4664K, committed 4864K, reserved 1056768K
  class space    used 292K, capacity 424K, committed 512K, reserved 1048576K

Deoptimization events (10 events):
Event: 0,391 Thread 0x00007fe588106000 Uncommon trap: reason=unstable_if action=reinterpret pc=0x00007fe57917bb70 method=com.rapidminer.operator.learner.functions.kernel.logistic.KLR.klr()V @ 372
Event: 0,392 Thread 0x00007fe588105000 Uncommon trap: reason=unstable_if action=reinterpret pc=0x00007fe57917bb70 method=com.rapidminer.operator.learner.functions.kernel.logistic.KLR.klr()V @ 372
Event: 0,402 Thread 0x00007fe588105000 Uncommon trap: reason=intrinsic action=make_not_entrant pc=0x00007fe57917f044 method=com.rapidminer.operator.learner.functions.kernel.jmysvm.kernel.KernelRadial.calculate_K([I[D[I[D)D @ 14
Event: 0,403 Thread 0x00007fe588105000 Uncommon trap: reason=intrinsic action=make_not_entrant pc=0x00007fe579167c98 method=com.rapidminer.operator.learner.functions.kernel.jmysvm.kernel.KernelRadial.calculate_K([I[D[I[D)D @ 14
Event: 0,403 Thread 0x00007fe588106000 Uncommon trap: reason=intrinsic action=make_not_entrant pc=0x00007fe57917d770 method=com.rapidminer.operator.learner.functions.kernel.jmysvm.kernel.KernelRadial.calculate_K([I[D[I[D)D @ 14
Event: 1,087 Thread 0x00007fe588106000 Uncommon trap: reason=unstable_if action=reinterpret pc=0x00007fe5791a535c method=com.rapidminer.operator.learner.functions.kernel.logistic.KLR.takeStep(II)Z @ 632
Event: 4,013 Thread 0x00007fe588105000 Uncommon trap: reason=unstable_if action=reinterpret pc=0x00007fe5791b9218 method=com.rapidminer.operator.learner.functions.kernel.logistic.KLR.takeStep(II)Z @ 1248
Event: 4,230 Thread 0x00007fe588105000 Uncommon trap: reason=unstable_if action=reinterpret pc=0x00007fe5791cbcfc method=com.rapidminer.operator.learner.functions.kernel.logistic.KLR.takeStep(II)Z @ 426
Event: 9,931 Thread 0x00007fe58800a000 Uncommon trap: reason=unstable_if action=reinterpret pc=0x00007fe579166afc method=br.usp.icmc.lapad.ireos.IREOS.evaluateSolution(Lcom/rapidminer/operator/learner/functions/kernel/jmysvm/examples/SVMExamples;Ljava/util/List;[F)[Lbr/usp/icmc/lapad/ireos/IRE
Event: 83,561 Thread 0x00007fe588106000 Uncommon trap: reason=unstable_if action=reinterpret pc=0x00007fe5791d6bbc method=com.rapidminer.operator.learner.functions.kernel.logistic.KLR.takeStep(II)Z @ 851

Internal exceptions (2 events):
Event: 0,034 Thread 0x00007fe58800a000 Exception <a 'java/lang/NoSuchMethodError': Method sun.misc.Unsafe.defineClass(Ljava/lang/String;[BII)Ljava/lang/Class; name or signature does not match> (0x00000000ebf07ca8) thrown at [/build/java8-openjdk/src/jdk8u-jdk8u144-b01/hotspot/src/share/vm/prim
Event: 0,034 Thread 0x00007fe58800a000 Exception <a 'java/lang/NoSuchMethodError': Method sun.misc.Unsafe.prefetchRead(Ljava/lang/Object;J)V name or signature does not match> (0x00000000ebf07f90) thrown at [/build/java8-openjdk/src/jdk8u-jdk8u144-b01/hotspot/src/share/vm/prims/jni.cpp, line 40

Events (10 events):
Event: 2669,335 Executing VM operation: ParallelGCFailedAllocation done
Event: 2670,906 Executing VM operation: RevokeBias
Event: 2670,907 Executing VM operation: RevokeBias done
Event: 2670,907 Thread 0x00007fe588106000 Thread exited: 0x00007fe588106000
Event: 2670,907 Thread 0x00007fe588106000 Thread added: 0x00007fe588106000
Event: 2671,338 Executing VM operation: ParallelGCFailedAllocation
Event: 2671,342 Executing VM operation: ParallelGCFailedAllocation done
Event: 2673,608 Executing VM operation: ParallelGCFailedAllocation
Event: 2673,620 Executing VM operation: ParallelGCFailedAllocation done
Event: 2676,237 Executing VM operation: ParallelGCFailedAllocation


Dynamic libraries:
c3c00000-c6800000 rw-p 00000000 00:00 0 
c6800000-ebf00000 ---p 00000000 00:00 0 
ebf00000-fb680000 rw-p 00000000 00:00 0 
fdd80000-100000000 ---p 00000000 00:00 0 
100000000-100080000 rw-p 00000000 00:00 0 
100080000-140000000 ---p 00000000 00:00 0 
557633e2a000-557633e2b000 r-xp 00000000 08:03 1835914                    /usr/lib/jvm/java-8-openjdk/jre/bin/java
55763402a000-55763402b000 r--p 00000000 08:03 1835914                    /usr/lib/jvm/java-8-openjdk/jre/bin/java
55763402b000-55763402c000 rw-p 00001000 08:03 1835914                    /usr/lib/jvm/java-8-openjdk/jre/bin/java
5576340cc000-5576340ed000 rw-p 00000000 00:00 0                          [heap]
7fe52c000000-7fe52c021000 rw-p 00000000 00:00 0 
7fe52c021000-7fe530000000 ---p 00000000 00:00 0 
7fe534000000-7fe534035000 rw-p 00000000 00:00 0 
7fe534035000-7fe538000000 ---p 00000000 00:00 0 
7fe538000000-7fe538021000 rw-p 00000000 00:00 0 
7fe538021000-7fe53c000000 ---p 00000000 00:00 0 
7fe53c000000-7fe53c021000 rw-p 00000000 00:00 0 
7fe53c021000-7fe540000000 ---p 00000000 00:00 0 
7fe540000000-7fe540021000 rw-p 00000000 00:00 0 
7fe540021000-7fe544000000 ---p 00000000 00:00 0 
7fe544000000-7fe5445e0000 rw-p 00000000 00:00 0 
7fe5445e0000-7fe548000000 ---p 00000000 00:00 0 
7fe548000000-7fe548316000 rw-p 00000000 00:00 0 
7fe548316000-7fe54c000000 ---p 00000000 00:00 0 
7fe54c000000-7fe54c021000 rw-p 00000000 00:00 0 
7fe54c021000-7fe550000000 ---p 00000000 00:00 0 
7fe550000000-7fe5507f1000 rw-p 00000000 00:00 0 
7fe5507f1000-7fe554000000 ---p 00000000 00:00 0 
7fe554000000-7fe554021000 rw-p 00000000 00:00 0 
7fe554021000-7fe558000000 ---p 00000000 00:00 0 
7fe558000000-7fe558021000 rw-p 00000000 00:00 0 
7fe558021000-7fe55c000000 ---p 00000000 00:00 0 
7fe55c000000-7fe55c021000 rw-p 00000000 00:00 0 
7fe55c021000-7fe560000000 ---p 00000000 00:00 0 
7fe560000000-7fe560021000 rw-p 00000000 00:00 0 
7fe560021000-7fe564000000 ---p 00000000 00:00 0 
7fe564000000-7fe564021000 rw-p 00000000 00:00 0 
7fe564021000-7fe568000000 ---p 00000000 00:00 0 
7fe56c000000-7fe56c021000 rw-p 00000000 00:00 0 
7fe56c021000-7fe570000000 ---p 00000000 00:00 0 
7fe5706df000-7fe5706e2000 ---p 00000000 00:00 0 
7fe5706e2000-7fe5707e0000 rw-p 00000000 00:00 0 
7fe5707e0000-7fe5707e3000 ---p 00000000 00:00 0 
7fe5707e3000-7fe5708e1000 rw-p 00000000 00:00 0 
7fe5708e1000-7fe5708e4000 ---p 00000000 00:00 0 
7fe5708e4000-7fe5709e2000 rw-p 00000000 00:00 0 
7fe5709e2000-7fe5709e3000 ---p 00000000 00:00 0 
7fe5709e3000-7fe570ae3000 rw-p 00000000 00:00 0 
7fe570ae3000-7fe570ae6000 ---p 00000000 00:00 0 
7fe570ae6000-7fe570be4000 rw-p 00000000 00:00 0 
7fe570be4000-7fe570be7000 ---p 00000000 00:00 0 
7fe570be7000-7fe570ce5000 rw-p 00000000 00:00 0 
7fe570ce5000-7fe570ce8000 ---p 00000000 00:00 0 
7fe570ce8000-7fe570de6000 rw-p 00000000 00:00 0 
7fe570de6000-7fe570de9000 ---p 00000000 00:00 0 
7fe570de9000-7fe570ee7000 rw-p 00000000 00:00 0 
7fe570ee7000-7fe570eea000 ---p 00000000 00:00 0 
7fe570eea000-7fe570fe8000 rw-p 00000000 00:00 0 
7fe570fe8000-7fe5711d0000 r--p 00000000 08:03 297518                     /usr/lib/locale/locale-archive
7fe5711d0000-7fe5711d3000 ---p 00000000 00:00 0 
7fe5711d3000-7fe5712d1000 rw-p 00000000 00:00 0 
7fe5712d1000-7fe5712d4000 ---p 00000000 00:00 0 
7fe5712d4000-7fe5713d2000 rw-p 00000000 00:00 0 
7fe5713d2000-7fe5713d3000 ---p 00000000 00:00 0 
7fe5713d3000-7fe574000000 rw-p 00000000 00:00 0 
7fe574000000-7fe574021000 rw-p 00000000 00:00 0 
7fe574021000-7fe578000000 ---p 00000000 00:00 0 
7fe578047000-7fe5782d9000 rw-p 00000000 00:00 0 
7fe5782d9000-7fe5784a7000 r--s 03c15000 08:03 1835927                    /usr/lib/jvm/java-8-openjdk/jre/lib/rt.jar
7fe5784a7000-7fe57895d000 rw-p 00000000 00:00 0 
7fe57895d000-7fe578d1d000 ---p 00000000 00:00 0 
7fe578d1d000-7fe578eff000 rw-p 00000000 00:00 0 
7fe578eff000-7fe578f00000 ---p 00000000 00:00 0 
7fe578f00000-7fe579000000 rw-p 00000000 00:00 0 
7fe579000000-7fe579270000 rwxp 00000000 00:00 0 
7fe579270000-7fe588000000 ---p 00000000 00:00 0 
7fe588000000-7fe588109000 rw-p 00000000 00:00 0 
7fe588109000-7fe58c000000 ---p 00000000 00:00 0 
7fe58c006000-7fe58c00b000 r--s 002f9000 08:03 1835933                    /usr/lib/jvm/java-8-openjdk/jre/lib/charsets.jar
7fe58c00b000-7fe58c00e000 r--s 00015000 08:03 1835943                    /usr/lib/jvm/java-8-openjdk/jre/lib/jce.jar
7fe58c00e000-7fe58c02f000 rw-p 00000000 00:00 0 
7fe58c02f000-7fe58c030000 ---p 00000000 00:00 0 
7fe58c030000-7fe58c130000 rw-p 00000000 00:00 0 
7fe58c130000-7fe58c131000 ---p 00000000 00:00 0 
7fe58c131000-7fe58c231000 rw-p 00000000 00:00 0 
7fe58c231000-7fe58c232000 ---p 00000000 00:00 0 
7fe58c232000-7fe58c348000 rw-p 00000000 00:00 0 
7fe58c348000-7fe58c474000 ---p 00000000 00:00 0 
7fe58c474000-7fe58c48a000 rw-p 00000000 00:00 0 
7fe58c48a000-7fe58c5b5000 ---p 00000000 00:00 0 
7fe58c5b5000-7fe58c632000 rw-p 00000000 00:00 0 
7fe58c632000-7fe58c656000 ---p 00000000 00:00 0 
7fe58c656000-7fe58c661000 rw-p 00000000 00:00 0 
7fe58c661000-7fe58ca17000 ---p 00000000 00:00 0 
7fe58ca17000-7fe58ca1f000 r-xp 00000000 08:03 1835989                    /usr/lib/jvm/java-8-openjdk/jre/lib/amd64/libzip.so
7fe58ca1f000-7fe58cc1e000 ---p 00008000 08:03 1835989                    /usr/lib/jvm/java-8-openjdk/jre/lib/amd64/libzip.so
7fe58cc1e000-7fe58cc1f000 r--p 00007000 08:03 1835989                    /usr/lib/jvm/java-8-openjdk/jre/lib/amd64/libzip.so
7fe58cc1f000-7fe58cc20000 rw-p 00008000 08:03 1835989                    /usr/lib/jvm/java-8-openjdk/jre/lib/amd64/libzip.so
7fe58cc20000-7fe58cc2b000 r-xp 00000000 08:03 264345                     /usr/lib/libnss_files-2.26.so
7fe58cc2b000-7fe58ce2a000 ---p 0000b000 08:03 264345                     /usr/lib/libnss_files-2.26.so
7fe58ce2a000-7fe58ce2b000 r--p 0000a000 08:03 264345                     /usr/lib/libnss_files-2.26.so
7fe58ce2b000-7fe58ce2c000 rw-p 0000b000 08:03 264345                     /usr/lib/libnss_files-2.26.so
7fe58ce2c000-7fe58ce32000 rw-p 00000000 00:00 0 
7fe58ce32000-7fe58ce60000 r-xp 00000000 08:03 1835973                    /usr/lib/jvm/java-8-openjdk/jre/lib/amd64/libjava.so
7fe58ce60000-7fe58d05f000 ---p 0002e000 08:03 1835973                    /usr/lib/jvm/java-8-openjdk/jre/lib/amd64/libjava.so
7fe58d05f000-7fe58d060000 r--p 0002d000 08:03 1835973                    /usr/lib/jvm/java-8-openjdk/jre/lib/amd64/libjava.so
7fe58d060000-7fe58d062000 rw-p 0002e000 08:03 1835973                    /usr/lib/jvm/java-8-openjdk/jre/lib/amd64/libjava.so
7fe58d062000-7fe58d06f000 r-xp 00000000 08:03 1835963                    /usr/lib/jvm/java-8-openjdk/jre/lib/amd64/libverify.so
7fe58d06f000-7fe58d26e000 ---p 0000d000 08:03 1835963                    /usr/lib/jvm/java-8-openjdk/jre/lib/amd64/libverify.so
7fe58d26e000-7fe58d270000 r--p 0000c000 08:03 1835963                    /usr/lib/jvm/java-8-openjdk/jre/lib/amd64/libverify.so
7fe58d270000-7fe58d271000 rw-p 0000e000 08:03 1835963                    /usr/lib/jvm/java-8-openjdk/jre/lib/amd64/libverify.so
7fe58d271000-7fe58d278000 r-xp 00000000 08:03 264208                     /usr/lib/librt-2.26.so
7fe58d278000-7fe58d477000 ---p 00007000 08:03 264208                     /usr/lib/librt-2.26.so
7fe58d477000-7fe58d478000 r--p 00006000 08:03 264208                     /usr/lib/librt-2.26.so
7fe58d478000-7fe58d479000 rw-p 00007000 08:03 264208                     /usr/lib/librt-2.26.so
7fe58d479000-7fe58d5c4000 r-xp 00000000 08:03 264333                     /usr/lib/libm-2.26.so
7fe58d5c4000-7fe58d7c3000 ---p 0014b000 08:03 264333                     /usr/lib/libm-2.26.so
7fe58d7c3000-7fe58d7c4000 r--p 0014a000 08:03 264333                     /usr/lib/libm-2.26.so
7fe58d7c4000-7fe58d7c5000 rw-p 0014b000 08:03 264333                     /usr/lib/libm-2.26.so
7fe58d7c5000-7fe58e468000 r-xp 00000000 08:03 1835992                    /usr/lib/jvm/java-8-openjdk/jre/lib/amd64/server/libjvm.so
7fe58e468000-7fe58e668000 ---p 00ca3000 08:03 1835992                    /usr/lib/jvm/java-8-openjdk/jre/lib/amd64/server/libjvm.so
7fe58e668000-7fe58e6fc000 r--p 00ca3000 08:03 1835992                    /usr/lib/jvm/java-8-openjdk/jre/lib/amd64/server/libjvm.so
7fe58e6fc000-7fe58e724000 rw-p 00d37000 08:03 1835992                    /usr/lib/jvm/java-8-openjdk/jre/lib/amd64/server/libjvm.so
7fe58e724000-7fe58e755000 rw-p 00000000 00:00 0 
7fe58e755000-7fe58e903000 r-xp 00000000 08:03 264407                     /usr/lib/libc-2.26.so
7fe58e903000-7fe58eb03000 ---p 001ae000 08:03 264407                     /usr/lib/libc-2.26.so
7fe58eb03000-7fe58eb07000 r--p 001ae000 08:03 264407                     /usr/lib/libc-2.26.so
7fe58eb07000-7fe58eb09000 rw-p 001b2000 08:03 264407                     /usr/lib/libc-2.26.so
7fe58eb09000-7fe58eb0d000 rw-p 00000000 00:00 0 
7fe58eb0d000-7fe58eb10000 r-xp 00000000 08:03 264335                     /usr/lib/libdl-2.26.so
7fe58eb10000-7fe58ed0f000 ---p 00003000 08:03 264335                     /usr/lib/libdl-2.26.so
7fe58ed0f000-7fe58ed10000 r--p 00002000 08:03 264335                     /usr/lib/libdl-2.26.so
7fe58ed10000-7fe58ed11000 rw-p 00003000 08:03 264335                     /usr/lib/libdl-2.26.so
7fe58ed11000-7fe58ed1f000 r-xp 00000000 08:03 1835995                    /usr/lib/jvm/java-8-openjdk/jre/lib/amd64/jli/libjli.so
7fe58ed1f000-7fe58ef1e000 ---p 0000e000 08:03 1835995                    /usr/lib/jvm/java-8-openjdk/jre/lib/amd64/jli/libjli.so
7fe58ef1e000-7fe58ef1f000 r--p 0000d000 08:03 1835995                    /usr/lib/jvm/java-8-openjdk/jre/lib/amd64/jli/libjli.so
7fe58ef1f000-7fe58ef20000 rw-p 0000e000 08:03 1835995                    /usr/lib/jvm/java-8-openjdk/jre/lib/amd64/jli/libjli.so
7fe58ef20000-7fe58ef36000 r-xp 00000000 08:03 272756                     /usr/lib/libz.so.1.2.11
7fe58ef36000-7fe58f135000 ---p 00016000 08:03 272756                     /usr/lib/libz.so.1.2.11
7fe58f135000-7fe58f136000 r--p 00015000 08:03 272756                     /usr/lib/libz.so.1.2.11
7fe58f136000-7fe58f137000 rw-p 00016000 08:03 272756                     /usr/lib/libz.so.1.2.11
7fe58f137000-7fe58f150000 r-xp 00000000 08:03 264429                     /usr/lib/libpthread-2.26.so
7fe58f150000-7fe58f34f000 ---p 00019000 08:03 264429                     /usr/lib/libpthread-2.26.so
7fe58f34f000-7fe58f350000 r--p 00018000 08:03 264429                     /usr/lib/libpthread-2.26.so
7fe58f350000-7fe58f351000 rw-p 00019000 08:03 264429                     /usr/lib/libpthread-2.26.so
7fe58f351000-7fe58f355000 rw-p 00000000 00:00 0 
7fe58f355000-7fe58f37a000 r-xp 00000000 08:03 264408                     /usr/lib/ld-2.26.so
7fe58f37a000-7fe58f37f000 r--s 0009a000 08:03 1835940                    /usr/lib/jvm/java-8-openjdk/jre/lib/jsse.jar
7fe58f37f000-7fe58f444000 rw-p 00000000 00:00 0 
7fe58f444000-7fe58f447000 ---p 00000000 00:00 0 
7fe58f447000-7fe58f547000 rw-p 00000000 00:00 0 
7fe58f547000-7fe58f55a000 r--s 00346000 08:03 1835934                    /usr/lib/jvm/java-8-openjdk/jre/lib/resources.jar
7fe58f55a000-7fe58f56d000 rw-p 00000000 00:00 0 
7fe58f56d000-7fe58f575000 rw-s 00000000 00:27 1562782                    /tmp/hsperfdata_henrique/30956
7fe58f575000-7fe58f576000 rw-p 00000000 00:00 0 
7fe58f576000-7fe58f577000 ---p 00000000 00:00 0 
7fe58f577000-7fe58f579000 rw-p 00000000 00:00 0 
7fe58f579000-7fe58f57a000 r--p 00024000 08:03 264408                     /usr/lib/ld-2.26.so
7fe58f57a000-7fe58f57b000 rw-p 00025000 08:03 264408                     /usr/lib/ld-2.26.so
7fe58f57b000-7fe58f57c000 rw-p 00000000 00:00 0 
7fffdb9c1000-7fffdb9e2000 rw-p 00000000 00:00 0                          [stack]
7fffdb9f6000-7fffdb9f9000 r--p 00000000 00:00 0                          [vvar]
7fffdb9f9000-7fffdb9fb000 r-xp 00000000 00:00 0                          [vdso]
ffffffffff600000-ffffffffff601000 r-xp 00000000 00:00 0                  [vsyscall]

VM Arguments:
jvm_args: -Dfile.encoding=UTF-8 
java_command: br.usp.icmc.lapad.MainExample2
java_class_path (initial): /usr/lib/jvm/java-8-openjdk/jre/lib/resources.jar:/usr/lib/jvm/java-8-openjdk/jre/lib/rt.jar:/usr/lib/jvm/java-8-openjdk/jre/lib/jsse.jar:/usr/lib/jvm/java-8-openjdk/jre/lib/jce.jar:/usr/lib/jvm/java-8-openjdk/jre/lib/charsets.jar:/usr/lib/jvm/java-8-openjdk/jre/lib/ext/cldrdata.jar:/usr/lib/jvm/java-8-openjdk/jre/lib/ext/jaccess.jar:/usr/lib/jvm/java-8-openjdk/jre/lib/ext/sunec.jar:/usr/lib/jvm/java-8-openjdk/jre/lib/ext/localedata.jar:/usr/lib/jvm/java-8-openjdk/jre/lib/ext/nashorn.jar:/usr/lib/jvm/java-8-openjdk/jre/lib/ext/sunjce_provider.jar:/usr/lib/jvm/java-8-openjdk/jre/lib/ext/sunpkcs11.jar:/usr/lib/jvm/java-8-openjdk/jre/lib/ext/zipfs.jar:/usr/lib/jvm/java-8-openjdk/jre/lib/ext/dnsns.jar:/home/henrique/ireos_extension/JavaCodes/IREOS_all_knn/bin:/home/henrique/ireos_extension/JavaCodes/IREOS_all_knn/libs/commons-math3-3.5.jar
Launcher Type: SUN_STANDARD

Environment Variables:
PATH=/usr/local/bin:/usr/local/sbin:/usr/bin:/usr/lib/jvm/default/bin:/usr/bin/site_perl:/usr/bin/vendor_perl:/usr/bin/core_perl
USERNAME=henrique
SHELL=/bin/zsh
DISPLAY=:0

Signal Handlers:
SIGSEGV: [libjvm.so+0xaa46c0], sa_mask[0]=11111111011111111101111111111110, sa_flags=SA_RESTART|SA_SIGINFO
SIGBUS: [libjvm.so+0xaa46c0], sa_mask[0]=11111111011111111101111111111110, sa_flags=SA_RESTART|SA_SIGINFO
SIGFPE: [libjvm.so+0x8dc3d0], sa_mask[0]=11111111011111111101111111111110, sa_flags=SA_RESTART|SA_SIGINFO
SIGPIPE: [libjvm.so+0x8dc3d0], sa_mask[0]=11111111011111111101111111111110, sa_flags=SA_RESTART|SA_SIGINFO
SIGXFSZ: [libjvm.so+0x8dc3d0], sa_mask[0]=11111111011111111101111111111110, sa_flags=SA_RESTART|SA_SIGINFO
SIGILL: [libjvm.so+0x8dc3d0], sa_mask[0]=11111111011111111101111111111110, sa_flags=SA_RESTART|SA_SIGINFO
SIGUSR1: SIG_DFL, sa_mask[0]=00000000000000000000000000000000, sa_flags=none
SIGUSR2: [libjvm.so+0x8dc280], sa_mask[0]=00100000000000000000000000000000, sa_flags=SA_RESTART|SA_SIGINFO
SIGHUP: [libjvm.so+0x8dc730], sa_mask[0]=11111111011111111101111111111110, sa_flags=SA_RESTART|SA_SIGINFO
SIGINT: [libjvm.so+0x8dc730], sa_mask[0]=11111111011111111101111111111110, sa_flags=SA_RESTART|SA_SIGINFO
SIGTERM: [libjvm.so+0x8dc730], sa_mask[0]=11111111011111111101111111111110, sa_flags=SA_RESTART|SA_SIGINFO
SIGQUIT: [libjvm.so+0x8dc730], sa_mask[0]=11111111011111111101111111111110, sa_flags=SA_RESTART|SA_SIGINFO


---------------  S Y S T E M  ---------------

OS:NAME="Arch Linux"
PRETTY_NAME="Arch Linux"
ID=arch
ID_LIKE=archlinux
ANSI_COLOR="0;36"
HOME_URL="https://www.archlinux.org/"
SUPPORT_URL="https://bbs.archlinux.org/"
BUG_REPORT_URL="https://bugs.archlinux.org/"

uname:Linux 4.14.4-1-ARCH #1 SMP PREEMPT Tue Dec 5 19:10:06 UTC 2017 x86_64
libc:glibc 2.26 NPTL 2.26 
rlimit: STACK 8192k, CORE infinity, NPROC 15155, NOFILE 4096, AS infinity
load average:17,38 9,82 7,02

/proc/meminfo:
MemTotal:        3941148 kB
MemFree:           87320 kB
MemAvailable:          0 kB
Buffers:             332 kB
Cached:           412804 kB
SwapCached:         1608 kB
Active:          2978984 kB
Inactive:         604508 kB
Active(anon):    2970000 kB
Inactive(anon):   594020 kB
Active(file):       8984 kB
Inactive(file):    10488 kB
Unevictable:         360 kB
Mlocked:             360 kB
SwapTotal:       2097148 kB
SwapFree:              0 kB
Dirty:                60 kB
Writeback:             4 kB
AnonPages:       3169668 kB
Mapped:            99180 kB
Shmem:            393604 kB
Slab:              85440 kB
SReclaimable:      34424 kB
SUnreclaim:        51016 kB
KernelStack:       14784 kB
PageTables:        69952 kB
NFS_Unstable:          0 kB
Bounce:                0 kB
WritebackTmp:          0 kB
CommitLimit:     4067720 kB
Committed_AS:   12571632 kB
VmallocTotal:   34359738367 kB
VmallocUsed:           0 kB
VmallocChunk:          0 kB
HardwareCorrupted:     0 kB
AnonHugePages:    407552 kB
ShmemHugePages:        0 kB
ShmemPmdMapped:        0 kB
HugePages_Total:       0
HugePages_Free:        0
HugePages_Rsvd:        0
HugePages_Surp:        0
Hugepagesize:       2048 kB
DirectMap4k:      417364 kB
DirectMap2M:     3670016 kB
DirectMap1G:           0 kB


CPU:total 4 (initial active 4) (2 cores per cpu, 2 threads per core) family 6 model 61 stepping 4, cmov, cx8, fxsr, mmx, sse, sse2, sse3, ssse3, sse4.1, sse4.2, popcnt, avx, avx2, aes, clmul, erms, 3dnowpref, lzcnt, ht, tsc, tscinvbit, bmi1, bmi2, adx

/proc/cpuinfo:
processor	: 0
vendor_id	: GenuineIntel
cpu family	: 6
model		: 61
model name	: Intel(R) Core(TM) i5-5200U CPU @ 2.20GHz
stepping	: 4
microcode	: 0x22
cpu MHz		: 2195.015
cache size	: 3072 KB
physical id	: 0
siblings	: 4
core id		: 0
cpu cores	: 2
apicid		: 0
initial apicid	: 0
fpu		: yes
fpu_exception	: yes
cpuid level	: 20
wp		: yes
flags		: fpu vme de pse tsc msr pae mce cx8 apic sep mtrr pge mca cmov pat pse36 clflush dts acpi mmx fxsr sse sse2 ss ht tm pbe syscall nx pdpe1gb rdtscp lm constant_tsc arch_perfmon pebs bts rep_good nopl xtopology nonstop_tsc cpuid aperfmperf pni pclmulqdq dtes64 monitor ds_cpl vmx est tm2 ssse3 sdbg fma cx16 xtpr pdcm pcid sse4_1 sse4_2 x2apic movbe popcnt aes xsave avx f16c rdrand lahf_lm abm 3dnowprefetch cpuid_fault epb intel_pt tpr_shadow vnmi flexpriority ept vpid fsgsbase tsc_adjust bmi1 avx2 smep bmi2 erms invpcid rdseed adx smap xsaveopt dtherm ida arat pln pts
bugs		:
bogomips	: 4391.94
clflush size	: 64
cache_alignment	: 64
address sizes	: 39 bits physical, 48 bits virtual
power management:

processor	: 1
vendor_id	: GenuineIntel
cpu family	: 6
model		: 61
model name	: Intel(R) Core(TM) i5-5200U CPU @ 2.20GHz
stepping	: 4
microcode	: 0x22
cpu MHz		: 2195.015
cache size	: 3072 KB
physical id	: 0
siblings	: 4
core id		: 1
cpu cores	: 2
apicid		: 2
initial apicid	: 2
fpu		: yes
fpu_exception	: yes
cpuid level	: 20
wp		: yes
flags		: fpu vme de pse tsc msr pae mce cx8 apic sep mtrr pge mca cmov pat pse36 clflush dts acpi mmx fxsr sse sse2 ss ht tm pbe syscall nx pdpe1gb rdtscp lm constant_tsc arch_perfmon pebs bts rep_good nopl xtopology nonstop_tsc cpuid aperfmperf pni pclmulqdq dtes64 monitor ds_cpl vmx est tm2 ssse3 sdbg fma cx16 xtpr pdcm pcid sse4_1 sse4_2 x2apic movbe popcnt aes xsave avx f16c rdrand lahf_lm abm 3dnowprefetch cpuid_fault epb intel_pt tpr_shadow vnmi flexpriority ept vpid fsgsbase tsc_adjust bmi1 avx2 smep bmi2 erms invpcid rdseed adx smap xsaveopt dtherm ida arat pln pts
bugs		:
bogomips	: 4391.94
clflush size	: 64
cache_alignment	: 64
address sizes	: 39 bits physical, 48 bits virtual
power management:

processor	: 2
vendor_id	: GenuineIntel
cpu family	: 6
model		: 61
model name	: Intel(R) Core(TM) i5-5200U CPU @ 2.20GHz
stepping	: 4
microcode	: 0x22
cpu MHz		: 2195.015
cache size	: 3072 KB
physical id	: 0
siblings	: 4
core id		: 0
cpu cores	: 2
apicid		: 1
initial apicid	: 1
fpu		: yes
fpu_exception	: yes
cpuid level	: 20
wp		: yes
flags		: fpu vme de pse tsc msr pae mce cx8 apic sep mtrr pge mca cmov pat pse36 clflush dts acpi mmx fxsr sse sse2 ss ht tm pbe syscall nx pdpe1gb rdtscp lm constant_tsc arch_perfmon pebs bts rep_good nopl xtopology nonstop_tsc cpuid aperfmperf pni pclmulqdq dtes64 monitor ds_cpl vmx est tm2 ssse3 sdbg fma cx16 xtpr pdcm pcid sse4_1 sse4_2 x2apic movbe popcnt aes xsave avx f16c rdrand lahf_lm abm 3dnowprefetch cpuid_fault epb intel_pt tpr_shadow vnmi flexpriority ept vpid fsgsbase tsc_adjust bmi1 avx2 smep bmi2 erms invpcid rdseed adx smap xsaveopt dtherm ida arat pln pts
bugs		:
bogomips	: 4391.94
clflush size	: 64
cache_alignment	: 64
address sizes	: 39 bits physical, 48 bits virtual
power management:

processor	: 3
vendor_id	: GenuineIntel
cpu family	: 6
model		: 61
model name	: Intel(R) Core(TM) i5-5200U CPU @ 2.20GHz
stepping	: 4
microcode	: 0x22
cpu MHz		: 2195.015
cache size	: 3072 KB
physical id	: 0
siblings	: 4
core id		: 1
cpu cores	: 2
apicid		: 3
initial apicid	: 3
fpu		: yes
fpu_exception	: yes
cpuid level	: 20
wp		: yes
flags		: fpu vme de pse tsc msr pae mce cx8 apic sep mtrr pge mca cmov pat pse36 clflush dts acpi mmx fxsr sse sse2 ss ht tm pbe syscall nx pdpe1gb rdtscp lm constant_tsc arch_perfmon pebs bts rep_good nopl xtopology nonstop_tsc cpuid aperfmperf pni pclmulqdq dtes64 monitor ds_cpl vmx est tm2 ssse3 sdbg fma cx16 xtpr pdcm pcid sse4_1 sse4_2 x2apic movbe popcnt aes xsave avx f16c rdrand lahf_lm abm 3dnowprefetch cpuid_fault epb intel_pt tpr_shadow vnmi flexpriority ept vpid fsgsbase tsc_adjust bmi1 avx2 smep bmi2 erms invpcid rdseed adx smap xsaveopt dtherm ida arat pln pts
bugs		:
bogomips	: 4391.94
clflush size	: 64
cache_alignment	: 64
address sizes	: 39 bits physical, 48 bits virtual
power management:



Memory: 4k page, physical 3941148k(88088k free), swap 2097148k(0k free)

vm_info: OpenJDK 64-Bit Server VM (25.144-b01) for linux-amd64 JRE (1.8.0_144-b01), built on Jul 28 2017 20:07:18 by "builduser" with gcc 7.1.1 20170630

time: Wed Dec 20 11:37:01 2017
elapsed time: 2685 seconds (0d 0h 44m 45s)

